<?xml version="1.0" encoding="UTF-8"?>
<testng-results ignored="0" total="1" passed="1" failed="0" skipped="0">
  <reporter-output>
  </reporter-output>
  <suite started-at="2021-09-07T08:58:52 IST" name="Default suite" finished-at="2021-09-07T08:59:21 IST" duration-ms="28563">
    <groups>
    </groups>
    <test started-at="2021-09-07T08:58:52 IST" name="Default test" finished-at="2021-09-07T08:59:21 IST" duration-ms="28563">
      <class name="com.TestCases.PopupHandal">
        <test-method signature="test02()[pri:0, instance:com.TestCases.PopupHandal@d86a6f]" started-at="2021-09-07T08:58:52 IST" name="test02" finished-at="2021-09-07T08:59:21 IST" duration-ms="28508" status="PASS">
          <reporter-output>
          </reporter-output>
        </test-method> <!-- test02 -->
      </class> <!-- com.TestCases.PopupHandal -->
    </test> <!-- Default test -->
  </suite> <!-- Default suite -->
</testng-results>
